[0m17:54:57.433990 [debug] [MainThread]: Sending event: {'category': 'dbt', 'action': 'invocation', 'label': 'start', 'context': [<snowplow_tracker.self_describing_json.SelfDescribingJson object at 0x0000020EB1BD6A20>, <snowplow_tracker.self_describing_json.SelfDescribingJson object at 0x0000020EB4997230>, <snowplow_tracker.self_describing_json.SelfDescribingJson object at 0x0000020EB50D4F50>]}


============================== 17:54:57.444989 | 249ad0f9-e5a4-4788-bda0-cadc2d1521c4 ==============================
[0m17:54:57.444989 [info ] [MainThread]: Running with dbt=1.9.0-b1
[0m17:54:57.446991 [debug] [MainThread]: running dbt with arguments {'printer_width': '80', 'indirect_selection': 'eager', 'write_json': 'True', 'log_cache_events': 'False', 'partial_parse': 'True', 'cache_selected_only': 'False', 'profiles_dir': 'C:\\Users\\ubior\\.dbt', 'version_check': 'True', 'warn_error': 'None', 'log_path': 'logs', 'fail_fast': 'False', 'debug': 'False', 'use_colors': 'True', 'use_experimental_parser': 'False', 'empty': 'None', 'quiet': 'False', 'no_print': 'None', 'log_format': 'default', 'static_parser': 'True', 'invocation_command': 'dbt init', 'warn_error_options': 'WarnErrorOptions(include=[], exclude=[])', 'target_path': 'None', 'introspect': 'True', 'send_anonymous_usage_stats': 'True'}
[0m17:55:32.857803 [debug] [MainThread]: Starter project path: C:\dbt2\myubioenv\Lib\site-packages\dbt\include\starter_project
[0m17:55:32.941768 [info ] [MainThread]: 
Your new dbt project "dbt_ubio_project" was created!

For more information on how to configure the profiles.yml file,
please consult the dbt documentation here:

  https://docs.getdbt.com/docs/configure-your-profile

One more thing:

Need help? Don't hesitate to reach out to us via GitHub issues or on Slack:

  https://community.getdbt.com/

Happy modeling!

[0m17:55:32.945767 [info ] [MainThread]: Setting up your profile.
[0m17:56:02.623672 [info ] [MainThread]: Profile dbt_ubio_project written to C:\Users\ubior\.dbt\profiles.yml using target's profile_template.yml and your supplied values. Run 'dbt debug' to validate the connection.
[0m17:56:02.631670 [debug] [MainThread]: Command `dbt init` succeeded at 17:56:02.631670 after 65.50 seconds
[0m17:56:02.633670 [debug] [MainThread]: Sending event: {'category': 'dbt', 'action': 'invocation', 'label': 'end', 'context': [<snowplow_tracker.self_describing_json.SelfDescribingJson object at 0x0000020EB520E990>, <snowplow_tracker.self_describing_json.SelfDescribingJson object at 0x0000020EB4C71100>, <snowplow_tracker.self_describing_json.SelfDescribingJson object at 0x0000020EB51CE150>]}
[0m17:56:02.646672 [debug] [MainThread]: Flushing usage events
[0m17:56:03.293799 [debug] [MainThread]: An error was encountered while trying to flush usage events
[0m17:56:27.711889 [debug] [MainThread]: Sending event: {'category': 'dbt', 'action': 'invocation', 'label': 'start', 'context': [<snowplow_tracker.self_describing_json.SelfDescribingJson object at 0x000001C07606F950>, <snowplow_tracker.self_describing_json.SelfDescribingJson object at 0x000001C0764339B0>, <snowplow_tracker.self_describing_json.SelfDescribingJson object at 0x000001C076D9E510>]}


============================== 17:56:27.722886 | 0a5159d4-6bae-496b-bd1d-ab0bab6d1b06 ==============================
[0m17:56:27.722886 [info ] [MainThread]: Running with dbt=1.9.0-b1
[0m17:56:27.725894 [debug] [MainThread]: running dbt with arguments {'printer_width': '80', 'indirect_selection': 'eager', 'log_cache_events': 'False', 'write_json': 'True', 'partial_parse': 'True', 'cache_selected_only': 'False', 'profiles_dir': 'C:\\Users\\ubior\\.dbt', 'version_check': 'True', 'warn_error': 'None', 'log_path': 'logs', 'fail_fast': 'False', 'debug': 'False', 'use_colors': 'True', 'use_experimental_parser': 'False', 'no_print': 'None', 'quiet': 'False', 'empty': 'None', 'warn_error_options': 'WarnErrorOptions(include=[], exclude=[])', 'static_parser': 'True', 'invocation_command': 'dbt debug', 'introspect': 'True', 'target_path': 'None', 'log_format': 'default', 'send_anonymous_usage_stats': 'True'}
[0m17:56:27.794887 [info ] [MainThread]: dbt version: 1.9.0-b1
[0m17:56:27.797889 [info ] [MainThread]: python version: 3.12.4
[0m17:56:27.800888 [info ] [MainThread]: python path: C:\dbt2\myubioenv\Scripts\python.exe
[0m17:56:27.804894 [info ] [MainThread]: os info: Windows-10-10.0.19045-SP0
[0m17:56:27.988887 [info ] [MainThread]: Using profiles dir at C:\Users\ubior\.dbt
[0m17:56:27.990887 [info ] [MainThread]: Using profiles.yml file at C:\Users\ubior\.dbt\profiles.yml
[0m17:56:27.992891 [info ] [MainThread]: Using dbt_project.yml file at C:\dbt2\dbt_project.yml
[0m17:56:27.996885 [info ] [MainThread]: adapter type: postgres
[0m17:56:28.000891 [info ] [MainThread]: adapter version: 1.8.2
[0m17:56:28.003892 [info ] [MainThread]: Configuration:
[0m17:56:28.007895 [info ] [MainThread]:   profiles.yml file [[32mOK found and valid[0m]
[0m17:56:28.017903 [info ] [MainThread]:   dbt_project.yml file [[31mERROR not found[0m]
[0m17:56:28.023892 [info ] [MainThread]: Required dependencies:
[0m17:56:28.025890 [debug] [MainThread]: Executing "git --help"
[0m17:56:28.243888 [debug] [MainThread]: STDOUT: "b"usage: git [-v | --version] [-h | --help] [-C <path>] [-c <name>=<value>]\n           [--exec-path[=<path>]] [--html-path] [--man-path] [--info-path]\n           [-p | --paginate | -P | --no-pager] [--no-replace-objects] [--no-lazy-fetch]\n           [--no-optional-locks] [--no-advice] [--bare] [--git-dir=<path>]\n           [--work-tree=<path>] [--namespace=<name>] [--config-env=<name>=<envvar>]\n           <command> [<args>]\n\nThese are common Git commands used in various situations:\n\nstart a working area (see also: git help tutorial)\n   clone     Clone a repository into a new directory\n   init      Create an empty Git repository or reinitialize an existing one\n\nwork on the current change (see also: git help everyday)\n   add       Add file contents to the index\n   mv        Move or rename a file, a directory, or a symlink\n   restore   Restore working tree files\n   rm        Remove files from the working tree and from the index\n\nexamine the history and state (see also: git help revisions)\n   bisect    Use binary search to find the commit that introduced a bug\n   diff      Show changes between commits, commit and working tree, etc\n   grep      Print lines matching a pattern\n   log       Show commit logs\n   show      Show various types of objects\n   status    Show the working tree status\n\ngrow, mark and tweak your common history\n   branch    List, create, or delete branches\n   commit    Record changes to the repository\n   merge     Join two or more development histories together\n   rebase    Reapply commits on top of another base tip\n   reset     Reset current HEAD to the specified state\n   switch    Switch branches\n   tag       Create, list, delete or verify a tag object signed with GPG\n\ncollaborate (see also: git help workflows)\n   fetch     Download objects and refs from another repository\n   pull      Fetch from and integrate with another repository or a local branch\n   push      Update remote refs along with associated objects\n\n'git help -a' and 'git help -g' list available subcommands and some\nconcept guides. See 'git help <command>' or 'git help <concept>'\nto read about a specific subcommand or concept.\nSee 'git help git' for an overview of the system.\n""
[0m17:56:28.245892 [debug] [MainThread]: STDERR: "b''"
[0m17:56:28.247886 [info ] [MainThread]:  - git [[32mOK found[0m]

[0m17:56:28.250889 [info ] [MainThread]: Connection:
[0m17:56:28.252899 [info ] [MainThread]:   host: localhost
[0m17:56:28.254895 [info ] [MainThread]:   port: 5432
[0m17:56:28.258894 [info ] [MainThread]:   user: dev
[0m17:56:28.261891 [info ] [MainThread]:   database: production
[0m17:56:28.264890 [info ] [MainThread]:   schema: public
[0m17:56:28.276890 [info ] [MainThread]:   connect_timeout: 10
[0m17:56:28.278890 [info ] [MainThread]:   role: None
[0m17:56:28.280891 [info ] [MainThread]:   search_path: None
[0m17:56:28.284890 [info ] [MainThread]:   keepalives_idle: 0
[0m17:56:28.291892 [info ] [MainThread]:   sslmode: None
[0m17:56:28.298895 [info ] [MainThread]:   sslcert: None
[0m17:56:28.300888 [info ] [MainThread]:   sslkey: None
[0m17:56:28.311896 [info ] [MainThread]:   sslrootcert: None
[0m17:56:28.313890 [info ] [MainThread]:   application_name: dbt
[0m17:56:28.328897 [info ] [MainThread]:   retries: 1
[0m17:56:28.341906 [info ] [MainThread]: Registered adapter: postgres=1.8.2
[0m17:56:28.350891 [debug] [MainThread]: Acquiring new postgres connection 'debug'
[0m17:56:33.718588 [debug] [MainThread]: Using postgres connection "debug"
[0m17:56:33.719589 [debug] [MainThread]: On debug: select 1 as id
[0m17:56:33.723592 [debug] [MainThread]: Opening a new connection, currently in state init
[0m17:56:34.391588 [debug] [MainThread]: Postgres adapter: Got a retryable error when attempting to open a postgres connection.
1 attempts remaining. Retrying in 0 seconds.
Error:
connection to server at "localhost" (::1), port 5432 failed: FATAL:  password authentication failed for user "dev"

[0m17:56:34.509589 [debug] [MainThread]: Postgres adapter: Error running SQL: select 1 as id
[0m17:56:34.511590 [debug] [MainThread]: Postgres adapter: Rolling back transaction.
[0m17:56:34.512592 [debug] [MainThread]: On debug: No close available on handle
[0m17:56:34.514588 [info ] [MainThread]:   Connection test: [[31mERROR[0m]

[0m17:56:34.517592 [info ] [MainThread]: [31m2 checks failed:[0m
[0m17:56:34.519597 [info ] [MainThread]: Project loading failed for the following reason:
 project path <C:\dbt2\dbt_project.yml> not found

[0m17:56:34.522589 [info ] [MainThread]: dbt was unable to connect to the specified database.
The database returned the following error:

  >Database Error
  connection to server at "localhost" (::1), port 5432 failed: FATAL:  password authentication failed for user "dev"
  

Check your database credentials and try again. For more information, visit:
https://docs.getdbt.com/docs/configure-your-profile


[0m17:56:34.528589 [debug] [MainThread]: Command `dbt debug` failed at 17:56:34.528589 after 7.26 seconds
[0m17:56:34.530588 [debug] [MainThread]: Connection 'debug' was properly closed.
[0m17:56:34.532592 [debug] [MainThread]: Sending event: {'category': 'dbt', 'action': 'invocation', 'label': 'end', 'context': [<snowplow_tracker.self_describing_json.SelfDescribingJson object at 0x000001C074D52630>, <snowplow_tracker.self_describing_json.SelfDescribingJson object at 0x000001C076FF5A90>, <snowplow_tracker.self_describing_json.SelfDescribingJson object at 0x000001C076D9E510>]}
[0m17:56:34.533586 [debug] [MainThread]: Flushing usage events
[0m17:56:34.994896 [debug] [MainThread]: An error was encountered while trying to flush usage events
[0m17:57:13.607375 [debug] [MainThread]: Sending event: {'category': 'dbt', 'action': 'invocation', 'label': 'start', 'context': [<snowplow_tracker.self_describing_json.SelfDescribingJson object at 0x0000019802EBA5A0>, <snowplow_tracker.self_describing_json.SelfDescribingJson object at 0x0000019805EF2960>, <snowplow_tracker.self_describing_json.SelfDescribingJson object at 0x00000198058D3980>]}


============================== 17:57:13.618379 | 2de4a545-795c-4246-937d-19a55b4f25ec ==============================
[0m17:57:13.618379 [info ] [MainThread]: Running with dbt=1.9.0-b1
[0m17:57:13.622377 [debug] [MainThread]: running dbt with arguments {'printer_width': '80', 'indirect_selection': 'eager', 'write_json': 'True', 'log_cache_events': 'False', 'partial_parse': 'True', 'cache_selected_only': 'False', 'warn_error': 'None', 'version_check': 'True', 'profiles_dir': 'C:\\Users\\ubior\\.dbt', 'log_path': 'logs', 'fail_fast': 'False', 'debug': 'False', 'use_colors': 'True', 'use_experimental_parser': 'False', 'empty': 'None', 'quiet': 'False', 'no_print': 'None', 'warn_error_options': 'WarnErrorOptions(include=[], exclude=[])', 'invocation_command': 'dbt debug', 'introspect': 'True', 'static_parser': 'True', 'target_path': 'None', 'log_format': 'default', 'send_anonymous_usage_stats': 'True'}
[0m17:57:13.723372 [info ] [MainThread]: dbt version: 1.9.0-b1
[0m17:57:13.726373 [info ] [MainThread]: python version: 3.12.4
[0m17:57:13.730371 [info ] [MainThread]: python path: C:\dbt2\myubioenv\Scripts\python.exe
[0m17:57:13.741377 [info ] [MainThread]: os info: Windows-10-10.0.19045-SP0
[0m17:57:14.044377 [info ] [MainThread]: Using profiles dir at C:\Users\ubior\.dbt
[0m17:57:14.047377 [info ] [MainThread]: Using profiles.yml file at C:\Users\ubior\.dbt\profiles.yml
[0m17:57:14.049374 [info ] [MainThread]: Using dbt_project.yml file at C:\dbt2\dbt_project.yml
[0m17:57:14.057378 [info ] [MainThread]: adapter type: postgres
[0m17:57:14.079377 [info ] [MainThread]: adapter version: 1.8.2
[0m17:57:14.091376 [info ] [MainThread]: Configuration:
[0m17:57:14.094372 [info ] [MainThread]:   profiles.yml file [[32mOK found and valid[0m]
[0m17:57:14.098378 [info ] [MainThread]:   dbt_project.yml file [[31mERROR not found[0m]
[0m17:57:14.125371 [info ] [MainThread]: Required dependencies:
[0m17:57:14.130378 [debug] [MainThread]: Executing "git --help"
[0m17:57:14.908472 [debug] [MainThread]: STDOUT: "b"usage: git [-v | --version] [-h | --help] [-C <path>] [-c <name>=<value>]\n           [--exec-path[=<path>]] [--html-path] [--man-path] [--info-path]\n           [-p | --paginate | -P | --no-pager] [--no-replace-objects] [--no-lazy-fetch]\n           [--no-optional-locks] [--no-advice] [--bare] [--git-dir=<path>]\n           [--work-tree=<path>] [--namespace=<name>] [--config-env=<name>=<envvar>]\n           <command> [<args>]\n\nThese are common Git commands used in various situations:\n\nstart a working area (see also: git help tutorial)\n   clone     Clone a repository into a new directory\n   init      Create an empty Git repository or reinitialize an existing one\n\nwork on the current change (see also: git help everyday)\n   add       Add file contents to the index\n   mv        Move or rename a file, a directory, or a symlink\n   restore   Restore working tree files\n   rm        Remove files from the working tree and from the index\n\nexamine the history and state (see also: git help revisions)\n   bisect    Use binary search to find the commit that introduced a bug\n   diff      Show changes between commits, commit and working tree, etc\n   grep      Print lines matching a pattern\n   log       Show commit logs\n   show      Show various types of objects\n   status    Show the working tree status\n\ngrow, mark and tweak your common history\n   branch    List, create, or delete branches\n   commit    Record changes to the repository\n   merge     Join two or more development histories together\n   rebase    Reapply commits on top of another base tip\n   reset     Reset current HEAD to the specified state\n   switch    Switch branches\n   tag       Create, list, delete or verify a tag object signed with GPG\n\ncollaborate (see also: git help workflows)\n   fetch     Download objects and refs from another repository\n   pull      Fetch from and integrate with another repository or a local branch\n   push      Update remote refs along with associated objects\n\n'git help -a' and 'git help -g' list available subcommands and some\nconcept guides. See 'git help <command>' or 'git help <concept>'\nto read about a specific subcommand or concept.\nSee 'git help git' for an overview of the system.\n""
[0m17:57:14.910472 [debug] [MainThread]: STDERR: "b''"
[0m17:57:14.911473 [info ] [MainThread]:  - git [[32mOK found[0m]

[0m17:57:14.915475 [info ] [MainThread]: Connection:
[0m17:57:14.917476 [info ] [MainThread]:   host: localhost
[0m17:57:14.924475 [info ] [MainThread]:   port: 5432
[0m17:57:14.929471 [info ] [MainThread]:   user: dev
[0m17:57:14.965474 [info ] [MainThread]:   database: production
[0m17:57:14.968471 [info ] [MainThread]:   schema: public
[0m17:57:14.984476 [info ] [MainThread]:   connect_timeout: 10
[0m17:57:15.025479 [info ] [MainThread]:   role: None
[0m17:57:15.029474 [info ] [MainThread]:   search_path: None
[0m17:57:15.032475 [info ] [MainThread]:   keepalives_idle: 0
[0m17:57:15.065471 [info ] [MainThread]:   sslmode: None
[0m17:57:15.068474 [info ] [MainThread]:   sslcert: None
[0m17:57:15.098472 [info ] [MainThread]:   sslkey: None
[0m17:57:15.101470 [info ] [MainThread]:   sslrootcert: None
[0m17:57:15.128470 [info ] [MainThread]:   application_name: dbt
[0m17:57:15.167476 [info ] [MainThread]:   retries: 1
[0m17:57:15.202486 [info ] [MainThread]: Registered adapter: postgres=1.8.2
[0m17:57:15.215474 [debug] [MainThread]: Acquiring new postgres connection 'debug'
[0m17:57:15.547473 [debug] [MainThread]: Using postgres connection "debug"
[0m17:57:15.548476 [debug] [MainThread]: On debug: select 1 as id
[0m17:57:15.551471 [debug] [MainThread]: Opening a new connection, currently in state init
[0m17:57:15.699472 [debug] [MainThread]: Postgres adapter: Got a retryable error when attempting to open a postgres connection.
1 attempts remaining. Retrying in 0 seconds.
Error:
connection to server at "localhost" (::1), port 5432 failed: FATAL:  password authentication failed for user "dev"

[0m17:57:15.855468 [debug] [MainThread]: Postgres adapter: Error running SQL: select 1 as id
[0m17:57:15.857474 [debug] [MainThread]: Postgres adapter: Rolling back transaction.
[0m17:57:15.859475 [debug] [MainThread]: On debug: No close available on handle
[0m17:57:15.861473 [info ] [MainThread]:   Connection test: [[31mERROR[0m]

[0m17:57:15.867472 [info ] [MainThread]: [31m2 checks failed:[0m
[0m17:57:15.871471 [info ] [MainThread]: Project loading failed for the following reason:
 project path <C:\dbt2\dbt_project.yml> not found

[0m17:57:15.875472 [info ] [MainThread]: dbt was unable to connect to the specified database.
The database returned the following error:

  >Database Error
  connection to server at "localhost" (::1), port 5432 failed: FATAL:  password authentication failed for user "dev"
  

Check your database credentials and try again. For more information, visit:
https://docs.getdbt.com/docs/configure-your-profile


[0m17:57:15.886468 [debug] [MainThread]: Command `dbt debug` failed at 17:57:15.883468 after 2.70 seconds
[0m17:57:15.895467 [debug] [MainThread]: Connection 'debug' was properly closed.
[0m17:57:15.903469 [debug] [MainThread]: Sending event: {'category': 'dbt', 'action': 'invocation', 'label': 'end', 'context': [<snowplow_tracker.self_describing_json.SelfDescribingJson object at 0x0000019805D38770>, <snowplow_tracker.self_describing_json.SelfDescribingJson object at 0x0000019805FF3500>, <snowplow_tracker.self_describing_json.SelfDescribingJson object at 0x0000019805E66780>]}
[0m17:57:15.928476 [debug] [MainThread]: Flushing usage events
[0m17:57:16.425475 [debug] [MainThread]: An error was encountered while trying to flush usage events
